<?xml version="1.0" encoding="UTF-8"?>
<!-- Generated by org.testng.reporters.JUnitXMLReporter -->
<testsuite ignored="0" hostname="Abhisheks-MacBook-Air.local" failures="0" tests="4" name="Test" time="3.417" errors="0" timestamp="2024-11-04T13:05:23 IST">
  <testcase classname="chainingAPI.CreateUser" name="createUser" time="2.38"/>
  <testcase classname="chainingAPI.GetUser" name="getUser" time="0.253"/>
  <testcase classname="chainingAPI.UpdateUser" name="updateUser" time="0.463"/>
  <testcase classname="chainingAPI.DeleteUser" name="deleteUser" time="0.267"/>
</testsuite> <!-- Test -->
