<?xml version="1.0" encoding="UTF-8"?>
<testng-results ignored="0" total="4" passed="4" failed="0" skipped="0">
  <reporter-output>
  </reporter-output>
  <suite started-at="2024-11-04T13:05:19 IST" name="Suite" finished-at="2024-11-04T13:05:23 IST" duration-ms="3417">
    <groups>
    </groups>
    <test started-at="2024-11-04T13:05:19 IST" name="Test" finished-at="2024-11-04T13:05:23 IST" duration-ms="3417">
      <class name="chainingAPI.GetUser">
        <test-method signature="getUser(org.testng.ITestContext)[pri:0, instance:chainingAPI.GetUser@1623b78d]" started-at="2024-11-04T13:05:22 IST" name="getUser" finished-at="2024-11-04T13:05:22 IST" duration-ms="253" status="PASS">
          <params>
            <param index="0">
              <value>
                <![CDATA[org.testng.TestRunner@f2ff811]]>
              </value>
            </param>
          </params>
          <reporter-output>
          </reporter-output>
        </test-method> <!-- getUser -->
      </class> <!-- chainingAPI.GetUser -->
      <class name="chainingAPI.UpdateUser">
        <test-method signature="updateUser(org.testng.ITestContext)[pri:0, instance:chainingAPI.UpdateUser@c8c12ac]" started-at="2024-11-04T13:05:22 IST" name="updateUser" finished-at="2024-11-04T13:05:23 IST" duration-ms="463" status="PASS">
          <params>
            <param index="0">
              <value>
                <![CDATA[org.testng.TestRunner@f2ff811]]>
              </value>
            </param>
          </params>
          <reporter-output>
          </reporter-output>
        </test-method> <!-- updateUser -->
      </class> <!-- chainingAPI.UpdateUser -->
      <class name="chainingAPI.DeleteUser">
        <test-method signature="deleteUser(org.testng.ITestContext)[pri:0, instance:chainingAPI.DeleteUser@6adbc9d]" started-at="2024-11-04T13:05:23 IST" name="deleteUser" finished-at="2024-11-04T13:05:23 IST" duration-ms="267" status="PASS">
          <params>
            <param index="0">
              <value>
                <![CDATA[org.testng.TestRunner@f2ff811]]>
              </value>
            </param>
          </params>
          <reporter-output>
          </reporter-output>
        </test-method> <!-- deleteUser -->
      </class> <!-- chainingAPI.DeleteUser -->
      <class name="chainingAPI.CreateUser">
        <test-method signature="createUser(org.testng.ITestContext)[pri:0, instance:chainingAPI.CreateUser@131774fe]" started-at="2024-11-04T13:05:19 IST" name="createUser" finished-at="2024-11-04T13:05:22 IST" duration-ms="2380" status="PASS">
          <params>
            <param index="0">
              <value>
                <![CDATA[org.testng.TestRunner@f2ff811]]>
              </value>
            </param>
          </params>
          <reporter-output>
          </reporter-output>
        </test-method> <!-- createUser -->
      </class> <!-- chainingAPI.CreateUser -->
    </test> <!-- Test -->
  </suite> <!-- Suite -->
</testng-results>
